[05-Aug-2025 19:25:04 Europe/Berlin] PHP Warning:  Undefined array key "urel" in C:\xampp_1\htdocs\ProyectoFINAL\ProyectoFINAL\Backend\routes\api.php on line 13
[05-Aug-2025 19:42:09 Europe/Berlin] PHP Warning:  Undefined array key "url" in C:\xampp_1\htdocs\ProyectoFINAL\ProyectoFINAL\Backend\routes\api.php on line 13
[07-Aug-2025 18:53:20 Europe/Berlin] PHP Warning:  Undefined array key "url" in C:\xampp_1\htdocs\ProyectoFINAL\ProyectoFINAL\Backend\routes\api.php on line 13
[11-Aug-2025 19:04:33 Europe/Berlin] PHP Warning:  Undefined array key "url" in C:\xampp_1\htdocs\ProyectoFINAL\ProyectoFINAL\Backend\routes\api.php on line 13
[18-Aug-2025 15:19:41 Europe/Berlin] PHP Fatal error:  Uncaught ArgumentCountError: Too few arguments to function loginAddAdmin(), 4 passed in C:\xampp_1\htdocs\ProyectoFINAL\ProyectoFINAL\Backend\routes\api.php on line 40 and exactly 5 expected in C:\xampp_1\htdocs\ProyectoFINAL\ProyectoFINAL\Backend\controllers\administrador.php:11
Stack trace:
#0 C:\xampp_1\htdocs\ProyectoFINAL\ProyectoFINAL\Backend\routes\api.php(40): loginAddAdmin('10123456', 'Laura Fern\xC3\xA1nde...', 'laura.fernandez...', 'Recursos humano...')
#1 {main}
  thrown in C:\xampp_1\htdocs\ProyectoFINAL\ProyectoFINAL\Backend\controllers\administrador.php on line 11
[18-Aug-2025 15:20:35 Europe/Berlin] PHP Fatal error:  Uncaught ArgumentCountError: Too few arguments to function loginAddAdmin(), 4 passed in C:\xampp_1\htdocs\ProyectoFINAL\ProyectoFINAL\Backend\routes\api.php on line 40 and exactly 5 expected in C:\xampp_1\htdocs\ProyectoFINAL\ProyectoFINAL\Backend\controllers\administrador.php:11
Stack trace:
#0 C:\xampp_1\htdocs\ProyectoFINAL\ProyectoFINAL\Backend\routes\api.php(40): loginAddAdmin('10123456', 'Laura Fern\xC3\xA1nde...', 'laura.fernandez...', 'Recursos humano...')
#1 {main}
  thrown in C:\xampp_1\htdocs\ProyectoFINAL\ProyectoFINAL\Backend\controllers\administrador.php on line 11
[18-Aug-2025 15:26:06 Europe/Berlin] PHP Fatal error:  Uncaught ArgumentCountError: Too few arguments to function loginAddAdmin(), 4 passed in C:\xampp_1\htdocs\ProyectoFINAL\ProyectoFINAL\Backend\routes\api.php on line 40 and exactly 5 expected in C:\xampp_1\htdocs\ProyectoFINAL\ProyectoFINAL\Backend\controllers\administrador.php:11
Stack trace:
#0 C:\xampp_1\htdocs\ProyectoFINAL\ProyectoFINAL\Backend\routes\api.php(40): loginAddAdmin('10123456', 'Laura Fern\xC3\xA1nde...', 'laura.fernandez...', 'Recursos humano...')
#1 {main}
  thrown in C:\xampp_1\htdocs\ProyectoFINAL\ProyectoFINAL\Backend\controllers\administrador.php on line 11
[18-Aug-2025 15:28:05 Europe/Berlin] PHP Fatal error:  Uncaught ArgumentCountError: Too few arguments to function loginAddAdministrador(), 4 passed in C:\xampp_1\htdocs\ProyectoFINAL\ProyectoFINAL\Backend\routes\api.php on line 40 and exactly 5 expected in C:\xampp_1\htdocs\ProyectoFINAL\ProyectoFINAL\Backend\controllers\administrador.php:11
Stack trace:
#0 C:\xampp_1\htdocs\ProyectoFINAL\ProyectoFINAL\Backend\routes\api.php(40): loginAddAdministrador('10123456', 'Laura Fern\xC3\xA1nde...', 'laura.fernandez...', 'Recursos humano...')
#1 {main}
  thrown in C:\xampp_1\htdocs\ProyectoFINAL\ProyectoFINAL\Backend\controllers\administrador.php on line 11
[18-Aug-2025 15:30:43 Europe/Berlin] PHP Fatal error:  Uncaught PDOException: SQLSTATE[23000]: Integrity constraint violation: 1062 Duplicate entry '10123456' for key 'PRIMARY' in C:\xampp_1\htdocs\ProyectoFINAL\ProyectoFINAL\Backend\models\Administrador.php:20
Stack trace:
#0 C:\xampp_1\htdocs\ProyectoFINAL\ProyectoFINAL\Backend\models\Administrador.php(20): PDOStatement->execute(Array)
#1 C:\xampp_1\htdocs\ProyectoFINAL\ProyectoFINAL\Backend\controllers\administrador.php(13): Administrador->loginAdd('10123456', 'Laura Fern\xC3\xA1nde...', 'laura.fernandez...', 'Recursos humano...', 'Laura123Fer')
#2 C:\xampp_1\htdocs\ProyectoFINAL\ProyectoFINAL\Backend\routes\api.php(41): loginAddAdministrador('10123456', 'Laura Fern\xC3\xA1nde...', 'laura.fernandez...', 'Recursos humano...', 'Laura123Fer')
#3 {main}
  thrown in C:\xampp_1\htdocs\ProyectoFINAL\ProyectoFINAL\Backend\models\Administrador.php on line 20
[18-Aug-2025 15:40:58 Europe/Berlin] PHP Fatal error:  Uncaught Error: Call to undefined function loginAddAdministrador() in C:\xampp_1\htdocs\ProyectoFINAL\ProyectoFINAL\Backend\routes\api.php:41
Stack trace:
#0 {main}
  thrown in C:\xampp_1\htdocs\ProyectoFINAL\ProyectoFINAL\Backend\routes\api.php on line 41
[18-Aug-2025 15:44:46 Europe/Berlin] PHP Fatal error:  Uncaught PDOException: SQLSTATE[23000]: Integrity constraint violation: 1062 Duplicate entry '10123456' for key 'PRIMARY' in C:\xampp_1\htdocs\ProyectoFINAL\ProyectoFINAL\Backend\models\Administrador.php:20
Stack trace:
#0 C:\xampp_1\htdocs\ProyectoFINAL\ProyectoFINAL\Backend\models\Administrador.php(20): PDOStatement->execute(Array)
#1 C:\xampp_1\htdocs\ProyectoFINAL\ProyectoFINAL\Backend\controllers\administrador.php(13): Administrador->loginAdd('10123456', 'Laura Fern\xC3\xA1nde...', 'laura.fernandez...', 'Recursos humano...', 'Laura123Fer')
#2 C:\xampp_1\htdocs\ProyectoFINAL\ProyectoFINAL\Backend\routes\api.php(41): loginAddAdmin('10123456', 'Laura Fern\xC3\xA1nde...', 'laura.fernandez...', 'Recursos humano...', 'Laura123Fer')
#3 {main}
  thrown in C:\xampp_1\htdocs\ProyectoFINAL\ProyectoFINAL\Backend\models\Administrador.php on line 20
[18-Aug-2025 15:44:54 Europe/Berlin] PHP Fatal error:  Uncaught PDOException: SQLSTATE[23000]: Integrity constraint violation: 1062 Duplicate entry '10123456' for key 'PRIMARY' in C:\xampp_1\htdocs\ProyectoFINAL\ProyectoFINAL\Backend\models\Administrador.php:20
Stack trace:
#0 C:\xampp_1\htdocs\ProyectoFINAL\ProyectoFINAL\Backend\models\Administrador.php(20): PDOStatement->execute(Array)
#1 C:\xampp_1\htdocs\ProyectoFINAL\ProyectoFINAL\Backend\controllers\administrador.php(13): Administrador->loginAdd('10123456', 'Laura Fern\xC3\xA1nde...', 'laura.fernandez...', 'Recursos humano...', 'Laura123Fer')
#2 C:\xampp_1\htdocs\ProyectoFINAL\ProyectoFINAL\Backend\routes\api.php(41): loginAddAdmin('10123456', 'Laura Fern\xC3\xA1nde...', 'laura.fernandez...', 'Recursos humano...', 'Laura123Fer')
#3 {main}
  thrown in C:\xampp_1\htdocs\ProyectoFINAL\ProyectoFINAL\Backend\models\Administrador.php on line 20
[18-Aug-2025 15:45:03 Europe/Berlin] PHP Fatal error:  Uncaught PDOException: SQLSTATE[23000]: Integrity constraint violation: 1062 Duplicate entry '10123456' for key 'PRIMARY' in C:\xampp_1\htdocs\ProyectoFINAL\ProyectoFINAL\Backend\models\Administrador.php:20
Stack trace:
#0 C:\xampp_1\htdocs\ProyectoFINAL\ProyectoFINAL\Backend\models\Administrador.php(20): PDOStatement->execute(Array)
#1 C:\xampp_1\htdocs\ProyectoFINAL\ProyectoFINAL\Backend\controllers\administrador.php(13): Administrador->loginAdd('10123456', 'Laura Fern\xC3\xA1nde...', 'laura.fernandez...', 'Recursos humano...', 'Laura123Fer')
#2 C:\xampp_1\htdocs\ProyectoFINAL\ProyectoFINAL\Backend\routes\api.php(41): loginAddAdmin('10123456', 'Laura Fern\xC3\xA1nde...', 'laura.fernandez...', 'Recursos humano...', 'Laura123Fer')
#3 {main}
  thrown in C:\xampp_1\htdocs\ProyectoFINAL\ProyectoFINAL\Backend\models\Administrador.php on line 20
[18-Aug-2025 15:45:13 Europe/Berlin] PHP Fatal error:  Uncaught PDOException: SQLSTATE[23000]: Integrity constraint violation: 1062 Duplicate entry '10123456' for key 'PRIMARY' in C:\xampp_1\htdocs\ProyectoFINAL\ProyectoFINAL\Backend\models\Administrador.php:20
Stack trace:
#0 C:\xampp_1\htdocs\ProyectoFINAL\ProyectoFINAL\Backend\models\Administrador.php(20): PDOStatement->execute(Array)
#1 C:\xampp_1\htdocs\ProyectoFINAL\ProyectoFINAL\Backend\controllers\administrador.php(13): Administrador->loginAdd('10123456', 'Laura Fern\xC3\xA1nde...', 'laura.fernandez...', 'Recursos humano...', 'Laura123Fer')
#2 C:\xampp_1\htdocs\ProyectoFINAL\ProyectoFINAL\Backend\routes\api.php(41): loginAddAdmin('10123456', 'Laura Fern\xC3\xA1nde...', 'laura.fernandez...', 'Recursos humano...', 'Laura123Fer')
#3 {main}
  thrown in C:\xampp_1\htdocs\ProyectoFINAL\ProyectoFINAL\Backend\models\Administrador.php on line 20
[18-Aug-2025 15:45:50 Europe/Berlin] PHP Fatal error:  Uncaught PDOException: SQLSTATE[23000]: Integrity constraint violation: 1062 Duplicate entry '10123456' for key 'PRIMARY' in C:\xampp_1\htdocs\ProyectoFINAL\ProyectoFINAL\Backend\models\Administrador.php:20
Stack trace:
#0 C:\xampp_1\htdocs\ProyectoFINAL\ProyectoFINAL\Backend\models\Administrador.php(20): PDOStatement->execute(Array)
#1 C:\xampp_1\htdocs\ProyectoFINAL\ProyectoFINAL\Backend\controllers\administrador.php(13): Administrador->loginAdd('10123456', 'Laura Fern\xC3\xA1nde...', 'laura.fernandez...', 'Recursos humano...', 'Laura123Fer')
#2 C:\xampp_1\htdocs\ProyectoFINAL\ProyectoFINAL\Backend\routes\api.php(41): loginAddAdmin('10123456', 'Laura Fern\xC3\xA1nde...', 'laura.fernandez...', 'Recursos humano...', 'Laura123Fer')
#3 {main}
  thrown in C:\xampp_1\htdocs\ProyectoFINAL\ProyectoFINAL\Backend\models\Administrador.php on line 20
[18-Aug-2025 15:56:26 Europe/Berlin] PHP Fatal error:  Uncaught PDOException: SQLSTATE[23000]: Integrity constraint violation: 1062 Duplicate entry '10345678' for key 'PRIMARY' in C:\xampp_1\htdocs\ProyectoFINAL\ProyectoFINAL\Backend\models\Administrador.php:20
Stack trace:
#0 C:\xampp_1\htdocs\ProyectoFINAL\ProyectoFINAL\Backend\models\Administrador.php(20): PDOStatement->execute(Array)
#1 C:\xampp_1\htdocs\ProyectoFINAL\ProyectoFINAL\Backend\controllers\administrador.php(13): Administrador->loginAdd('10345678', 'Ana Torres', 'ana.torres@empr...', 'Gerencia', 'TorresSoyyo9647')
#2 C:\xampp_1\htdocs\ProyectoFINAL\ProyectoFINAL\Backend\routes\api.php(41): loginAddAdmin('10345678', 'Ana Torres', 'ana.torres@empr...', 'Gerencia', 'TorresSoyyo9647')
#3 {main}
  thrown in C:\xampp_1\htdocs\ProyectoFINAL\ProyectoFINAL\Backend\models\Administrador.php on line 20
